<?xml version="1.0" encoding="UTF-8"?>
<testsuite xmlns:xsi="http://www.w3.org/2001/XMLSchema-instance" xsi:noNamespaceSchemaLocation="https://maven.apache.org/surefire/maven-surefire-plugin/xsd/surefire-test-report-3.0.xsd" version="3.0" name="PublicAPITest" time="0.373" tests="6" errors="0" skipped="0" failures="0">
  <properties>
[...]
</properties>
  <testcase name="BuyRequestTest" classname="PublicAPITest" time="0.068">
    <system-out><![CDATA[12:01:15.465 [Thread-21] INFO  - Application starting
12:01:15.465 [Thread-21] INFO  - Using 10 broker(s)
12:01:15.471 [Thread-21] INFO  - Loaded 15 stocks
12:01:15.471 [Thread-21] INFO  - Started updating of stock prices
12:01:15.472 [Thread-21] INFO  - Server started on port 8080. Press Ctrl+C to stop...
12:01:15.477 [pool-10-thread-1] INFO  - In handleRegisterClient with URI: /register?clientId=1&funds=100000. Request Method: POST
Response status: 200 OK
Response headers: [content-type:"application/json", date:"Fri, 24 Nov 2023 17:01:15 GMT", transfer-encoding:"chunked"]
Contents: {"clientId":"1","stockPositions":{},"accountBalance":100000}
12:01:15.485 [pool-10-thread-2] INFO  - In handleBuyRequest with URI: /buy?clientId=1&shares=5&symbol=AAPL. Request Method: POST
Response status: 200 OK
Response headers: [content-type:"application/json", date:"Fri, 24 Nov 2023 17:01:15 GMT", transfer-encoding:"chunked"]
Contents: {"clientId":"1","stockPositions":{"AAPL":5},"accountBalance":99034.35}
12:01:15.531 [main   ] INFO  - Server stopped.
12:01:15.532 [Thread-21] INFO  - Application exiting
]]></system-out>
  </testcase>
  <testcase name="SellRequestTest" classname="PublicAPITest" time="0.119">
    <system-out><![CDATA[12:01:15.535 [Thread-25] INFO  - Application starting
12:01:15.535 [Thread-25] INFO  - Using 10 broker(s)
12:01:15.541 [Thread-25] INFO  - Loaded 15 stocks
12:01:15.541 [Thread-25] INFO  - Started updating of stock prices
12:01:15.541 [Thread-25] INFO  - Server started on port 8080. Press Ctrl+C to stop...
12:01:15.545 [pool-11-thread-1] INFO  - In handleRegisterClient with URI: /register?clientId=1&funds=100000. Request Method: POST
Response status: 200 OK
Response headers: [content-type:"application/json", date:"Fri, 24 Nov 2023 17:01:15 GMT", transfer-encoding:"chunked"]
Contents: {"clientId":"1","stockPositions":{},"accountBalance":100000}
12:01:15.549 [pool-11-thread-2] INFO  - In handleBuyRequest with URI: /buy?clientId=1&shares=5&symbol=AAPL. Request Method: POST
Response status: 200 OK
Response headers: [content-type:"application/json", date:"Fri, 24 Nov 2023 17:01:15 GMT", transfer-encoding:"chunked"]
Contents: {"clientId":"1","stockPositions":{"AAPL":5},"accountBalance":99034.35}
12:01:15.604 [pool-11-thread-3] INFO  - In handleSellRequest with URI: /sell?clientId=1&shares=5&symbol=AAPL. Request Method: POST
Response status: 200 OK
Response headers: [content-type:"application/json", date:"Fri, 24 Nov 2023 17:01:15 GMT", transfer-encoding:"chunked"]
Contents: {"clientId":"1","stockPositions":{"AAPL":0},"accountBalance":100000}
12:01:15.651 [main   ] INFO  - Server stopped.
12:01:15.652 [Thread-25] INFO  - Application exiting
]]></system-out>
  </testcase>
  <testcase name="GetPricesTest" classname="PublicAPITest" time="0.012">
    <system-out><![CDATA[12:01:15.654 [Thread-29] INFO  - Application starting
12:01:15.655 [Thread-29] INFO  - Using 10 broker(s)
12:01:15.659 [Thread-29] INFO  - Loaded 15 stocks
12:01:15.659 [Thread-29] INFO  - Started updating of stock prices
12:01:15.660 [Thread-29] INFO  - Server started on port 8080. Press Ctrl+C to stop...
12:01:15.663 [pool-12-thread-1] INFO  - In handleGetPrices with URI: /prices. Request Method: GET
Response status: 200 OK
Response headers: [content-type:"application/json", date:"Fri, 24 Nov 2023 17:01:15 GMT", transfer-encoding:"chunked"]
Contents: [{"AAPL":"193.13"},{"CSCO":"52.37"},{"CVX":"156.4"},{"KO":"62.39"},{"HON":"207.96"},{"JPM":"156.15"},{"JNJ":"168.38"},{"GS":"350.86"},{"AMGN":"233.23"},{"IBM":"138.38"},{"INTC":"33.37"},{"CAT":"261.09"},{"AXP":"177.11"},{"HD":"319.09"},{"BA":"213.61"}]
12:01:15.666 [main   ] INFO  - Server stopped.
12:01:15.666 [Thread-29] INFO  - Application exiting
]]></system-out>
  </testcase>
  <testcase name="RegisterClientTest" classname="PublicAPITest" time="0.016">
    <system-out><![CDATA[12:01:15.669 [Thread-33] INFO  - Application starting
12:01:15.669 [Thread-33] INFO  - Using 10 broker(s)
12:01:15.676 [Thread-33] INFO  - Loaded 15 stocks
12:01:15.677 [Thread-33] INFO  - Started updating of stock prices
12:01:15.678 [Thread-33] INFO  - Server started on port 8080. Press Ctrl+C to stop...
12:01:15.681 [pool-13-thread-1] INFO  - In handleRegisterClient with URI: /register?clientId=1&funds=100000. Request Method: POST
Response status: 200 OK
Response headers: [content-type:"application/json", date:"Fri, 24 Nov 2023 17:01:15 GMT", transfer-encoding:"chunked"]
Contents: {"clientId":"1","stockPositions":{},"accountBalance":100000}
12:01:15.684 [main   ] INFO  - Server stopped.
12:01:15.684 [Thread-33] INFO  - Application exiting
]]></system-out>
  </testcase>
  <testcase name="GetMarketValueTest" classname="PublicAPITest" time="0.076">
    <system-out><![CDATA[12:01:15.687 [Thread-37] INFO  - Application starting
12:01:15.687 [Thread-37] INFO  - Using 10 broker(s)
12:01:15.694 [Thread-37] INFO  - Loaded 15 stocks
12:01:15.695 [Thread-37] INFO  - Started updating of stock prices
12:01:15.695 [Thread-37] INFO  - Server started on port 8080. Press Ctrl+C to stop...
12:01:15.709 [pool-14-thread-1] INFO  - In handleRegisterClient with URI: /register?clientId=1&funds=100000. Request Method: POST
Response status: 200 OK
Response headers: [content-type:"application/json", date:"Fri, 24 Nov 2023 17:01:15 GMT", transfer-encoding:"chunked"]
Contents: {"clientId":"1","stockPositions":{},"accountBalance":100000}
12:01:15.715 [pool-14-thread-2] INFO  - In handleGetMarketValue with URI: /marketvalue?clientId=1. Request Method: GET
Response status: 200 OK
Response headers: [content-type:"application/json", date:"Fri, 24 Nov 2023 17:01:15 GMT", transfer-encoding:"chunked"]
Contents: {"marketvalue":0}
12:01:15.761 [main   ] INFO  - Server stopped.
12:01:15.761 [Thread-37] INFO  - Application exiting
]]></system-out>
  </testcase>
  <testcase name="GetPortfolioTest" classname="PublicAPITest" time="0.069">
    <system-out><![CDATA[12:01:15.765 [Thread-41] INFO  - Application starting
12:01:15.765 [Thread-41] INFO  - Using 10 broker(s)
12:01:15.774 [Thread-41] INFO  - Loaded 15 stocks
12:01:15.774 [Thread-41] INFO  - Started updating of stock prices
12:01:15.775 [Thread-41] INFO  - Server started on port 8080. Press Ctrl+C to stop...
12:01:15.778 [pool-15-thread-1] INFO  - In handleRegisterClient with URI: /register?clientId=1&funds=100000. Request Method: POST
Response status: 200 OK
Response headers: [content-type:"application/json", date:"Fri, 24 Nov 2023 17:01:15 GMT", transfer-encoding:"chunked"]
Contents: {"clientId":"1","stockPositions":{},"accountBalance":100000}
12:01:15.781 [pool-15-thread-2] INFO  - In handleGetPortfolio with URI: /portfolio?clientId=1. Request Method: GET
Response status: 200 OK
Response headers: [content-type:"application/json", date:"Fri, 24 Nov 2023 17:01:15 GMT", transfer-encoding:"chunked"]
Contents: {"clientId":"1","stockPositions":{},"accountBalance":100000}
12:01:15.831 [main   ] INFO  - Server stopped.
12:01:15.831 [Thread-41] INFO  - Application exiting
]]></system-out>
  </testcase>
</testsuite>